[31m[Nest] 13152  - [39m15/06/2026, 4:42:58 pm [31m  ERROR[39m [38;5;3m[NestApplication] [39m[31mError: listen EADDRINUSE: address already in use :::3000[39m[38;5;3m +2ms[39m
node:net:2008
    const ex = new UVExceptionWithHostPort(err, 'listen', address, port);
               ^

Error: listen EADDRINUSE: address already in use :::3000
    at Server.setupListenHandle [as _listen2] (node:net:2008:16)
    at listenInCluster (node:net:2065:12)
    at Server.listen (node:net:2170:7)
    at ExpressAdapter.listen (C:\Users\prash\gym-management\node_modules\@nestjs\platform-express\adapters\express-adapter.js:115:32)
    at C:\Users\prash\gym-management\node_modules\@nestjs\core\nest-application.js:190:30
    at new Promise (<anonymous>)
    at NestApplication.listen (C:\Users\prash\gym-management\node_modules\@nestjs\core\nest-application.js:180:16)
    at async bootstrap (C:\Users\prash\gym-management\src\main.ts:6:3) {
  code: 'EADDRINUSE',
  errno: -4091,
  syscall: 'listen',
  address: '::',
  port: 3000
}

Node.js v24.16.0
[31m[Nest] 28940  - [39m15/06/2026, 4:56:28 pm [31m  ERROR[39m [38;5;3m[NestApplication] [39m[31mError: listen EADDRINUSE: address already in use :::3000[39m[38;5;3m +3ms[39m
node:net:2008
    const ex = new UVExceptionWithHostPort(err, 'listen', address, port);
               ^

Error: listen EADDRINUSE: address already in use :::3000
    at Server.setupListenHandle [as _listen2] (node:net:2008:16)
    at listenInCluster (node:net:2065:12)
    at Server.listen (node:net:2170:7)
    at ExpressAdapter.listen (C:\Users\prash\gym-management\node_modules\@nestjs\platform-express\adapters\express-adapter.js:115:32)
    at C:\Users\prash\gym-management\node_modules\@nestjs\core\nest-application.js:190:30
    at new Promise (<anonymous>)
    at NestApplication.listen (C:\Users\prash\gym-management\node_modules\@nestjs\core\nest-application.js:180:16)
    at async bootstrap (C:\Users\prash\gym-management\src\main.ts:18:3) {
  code: 'EADDRINUSE',
  errno: -4091,
  syscall: 'listen',
  address: '::',
  port: 3000
}

Node.js v24.16.0
[31m[Nest] 26740  - [39m15/06/2026, 4:57:08 pm [31m  ERROR[39m [38;5;3m[NestApplication] [39m[31mError: listen EADDRINUSE: address already in use :::3000[39m[38;5;3m +2ms[39m
Failed to start Gym Management API Error: listen EADDRINUSE: address already in use :::3000
    at Server.setupListenHandle [as _listen2] (node:net:2008:16)
    at listenInCluster (node:net:2065:12)
    at Server.listen (node:net:2170:7)
    at ExpressAdapter.listen (C:\Users\prash\gym-management\node_modules\@nestjs\platform-express\adapters\express-adapter.js:115:32)
    at C:\Users\prash\gym-management\node_modules\@nestjs\core\nest-application.js:190:30
    at new Promise (<anonymous>)
    at NestApplication.listen (C:\Users\prash\gym-management\node_modules\@nestjs\core\nest-application.js:180:16)
    at async bootstrap (C:\Users\prash\gym-management\src\main.ts:18:3) {
  code: 'EADDRINUSE',
  errno: -4091,
  syscall: 'listen',
  address: '::',
  port: 3000
}
[31m[Nest] 23316  - [39m15/06/2026, 4:58:37 pm [31m  ERROR[39m [38;5;3m[NestApplication] [39m[31mError: listen EADDRINUSE: address already in use :::3000[39m[38;5;3m +2ms[39m
Failed to start Gym Management API Error: listen EADDRINUSE: address already in use :::3000
    at Server.setupListenHandle [as _listen2] (node:net:2008:16)
    at listenInCluster (node:net:2065:12)
    at Server.listen (node:net:2170:7)
    at ExpressAdapter.listen (C:\Users\prash\gym-management\node_modules\@nestjs\platform-express\adapters\express-adapter.js:115:32)
    at C:\Users\prash\gym-management\node_modules\@nestjs\core\nest-application.js:190:30
    at new Promise (<anonymous>)
    at NestApplication.listen (C:\Users\prash\gym-management\node_modules\@nestjs\core\nest-application.js:180:16)
    at async bootstrap (C:\Users\prash\gym-management\src\main.ts:18:3) {
  code: 'EADDRINUSE',
  errno: -4091,
  syscall: 'listen',
  address: '::',
  port: 3000
}
[31m[Nest] 28676  - [39m15/06/2026, 5:55:35 pm [31m  ERROR[39m [38;5;3m[NestApplication] [39m[31mError: listen EADDRINUSE: address already in use :::3000[39m[38;5;3m +2ms[39m
node:net:2008
    const ex = new UVExceptionWithHostPort(err, 'listen', address, port);
               ^

Error: listen EADDRINUSE: address already in use :::3000
    at Server.setupListenHandle [as _listen2] (node:net:2008:16)
    at listenInCluster (node:net:2065:12)
    at Server.listen (node:net:2170:7)
    at ExpressAdapter.listen (C:\Users\prash\gym-management\node_modules\@nestjs\platform-express\adapters\express-adapter.js:115:32)
    at C:\Users\prash\gym-management\node_modules\@nestjs\core\nest-application.js:190:30
    at new Promise (<anonymous>)
    at NestApplication.listen (C:\Users\prash\gym-management\node_modules\@nestjs\core\nest-application.js:180:16)
    at async bootstrap (C:\Users\prash\gym-management\src\main.ts:20:3) {
  code: 'EADDRINUSE',
  errno: -4091,
  syscall: 'listen',
  address: '::',
  port: 3000
}

Node.js v24.16.0
